<?xml version="1.0" encoding="UTF-8"?>
<!-- Generated by org.testng.reporters.JUnitXMLReporter -->
<testsuite hostname="DESKTOP-7M67OUT" ignored="0" name="Default test" tests="2" failures="0" timestamp="2020-07-04T02:32:58 EET" time="14.664" errors="0">
  <testcase name="TestregistrationWithvalidinput" time="3.444" classname="gocardTask.TestRegistrationwithbefore"/>
  <testcase name="zTestregistrationWithemailalreadyexist" time="3.336" classname="gocardTask.TestRegistrationwithbefore"/>
</testsuite> <!-- Default test -->
